<?xml version="1.0" encoding="UTF-8"?>
<testsuite xmlns:xsi="http://www.w3.org/2001/XMLSchema-instance" xsi:noNamespaceSchemaLocation="https://maven.apache.org/surefire/maven-surefire-plugin/xsd/surefire-test-report-3.0.xsd" version="3.0" name="org.example.ScoreManagerTest" time="0.045" tests="9" errors="0" skipped="0" failures="0">
  <properties>
[...]
</properties>
  <testcase name="testUpdateScoreWithNoLinesCleared" classname="org.example.ScoreManagerTest" time="0.014"/>
  <testcase name="testUpdateScoreWithSingleLineCleared" classname="org.example.ScoreManagerTest" time="0.004">
    <system-out><![CDATA[Speed updated to: 800ms (Level 1)
]]></system-out>
  </testcase>
  <testcase name="testInitialScoreAndLevel" classname="org.example.ScoreManagerTest" time="0.001"/>
  <testcase name="testUpdateScoreIncreasesScore" classname="org.example.ScoreManagerTest" time="0.001">
    <system-out><![CDATA[Speed updated to: 800ms (Level 1)
Speed updated to: 800ms (Level 1)
Speed updated to: 800ms (Level 1)
Speed updated to: 337ms (Level 4)
]]></system-out>
  </testcase>
  <testcase name="testUpdateScoreWithMultipleLinesCleared" classname="org.example.ScoreManagerTest" time="0.001">
    <system-out><![CDATA[Speed updated to: 800ms (Level 1)
Speed updated to: 800ms (Level 1)
Speed updated to: 337ms (Level 4)
]]></system-out>
  </testcase>
  <testcase name="testUpdateGameSpeed" classname="org.example.ScoreManagerTest" time="0.001">
    <system-out><![CDATA[Speed updated to: 450ms (Level 3)
Speed updated to: 253ms (Level 5)
Speed updated to: 106ms (Level 8)
Speed updated to: 60ms (Level 10)
Speed updated to: 50ms (Level 13)
Speed updated to: 50ms (Level 15)
Speed updated to: 50ms (Level 17)
Speed updated to: 50ms (Level 20)
Speed updated to: 50ms (Level 22)
Speed updated to: 50ms (Level 25)
Speed updated to: 50ms (Level 27)
Speed updated to: 50ms (Level 29)
]]></system-out>
  </testcase>
  <testcase name="testLevelProgression" classname="org.example.ScoreManagerTest" time="0.001">
    <system-out><![CDATA[Speed updated to: 450ms (Level 3)
Speed updated to: 253ms (Level 5)
Speed updated to: 106ms (Level 8)
Speed updated to: 60ms (Level 10)
Speed updated to: 50ms (Level 13)
Speed updated to: 50ms (Level 15)
Speed updated to: 50ms (Level 17)
Speed updated to: 50ms (Level 20)
Speed updated to: 50ms (Level 22)
Speed updated to: 50ms (Level 25)
]]></system-out>
  </testcase>
  <testcase name="testSetLevel" classname="org.example.ScoreManagerTest" time="0.001"/>
  <testcase name="testSetScore" classname="org.example.ScoreManagerTest" time="0.001"/>
</testsuite>